<?xml version="1.0" encoding="UTF-8"?>
<!-- Generated by org.testng.reporters.JUnitXMLReporter -->
<testsuite ignored="0" hostname="Aditya" failures="1" tests="40" name="All Modules" time="614.494" errors="0" timestamp="2025-09-03T22:17:42 IST">
  <testcase classname="tests.LoginTests" name="blankFieldsLogin" time="6.994"/>
  <testcase classname="tests.LoginTests" name="errorMessageDisappearsAfterRetry" time="13.084"/>
  <testcase classname="tests.LoginTests" name="invalidLoginWrongPassword" time="6.528"/>
  <testcase classname="tests.LoginTests" name="invalidLoginWrongUsername" time="6.209"/>
  <testcase classname="tests.LoginTests" name="lockedOutUserLogin" time="8.707"/>
  <testcase classname="tests.LoginTests" name="performanceGlitchUserLogin" time="14.796"/>
  <testcase classname="tests.LoginTests" name="validLogin" time="7.301"/>
  <testcase classname="tests.LoginTests" name="verifyUrlAndTitleAfterLogin" time="9.435"/>
  <testcase classname="tests.InventoryTests" name="addMultipleProductsToCart" time="5.135"/>
  <testcase classname="tests.InventoryTests" name="addSingleProductToCart" time="3.058"/>
  <testcase classname="tests.InventoryTests" name="removeProductFromCart" time="5.111"/>
  <testcase classname="tests.InventoryTests" name="sortProductsByNameAZ" time="3.06"/>
  <testcase classname="tests.InventoryTests" name="sortProductsByNameZA" time="3.1"/>
  <testcase classname="tests.InventoryTests" name="sortProductsByPriceHighToLow" time="3.094"/>
  <testcase classname="tests.InventoryTests" name="sortProductsByPriceLowToHigh" time="3.088"/>
  <testcase classname="tests.InventoryTests" name="verifyProductsDisplayed" time="2.016"/>
  <testcase classname="tests.CartTests" name="checkoutButtonWorks" time="7.225"/>
  <testcase classname="tests.CartTests" name="continueShoppingButtonWorks" time="7.229"/>
  <testcase classname="tests.CartTests" name="verifyCartBadgeIncreases" time="5.088"/>
  <testcase classname="tests.CartTests" name="verifyCartIsEmptyAfterRemovingItems" time="17.198"/>
  <testcase classname="tests.CartTests" name="verifyNavigatingToCartPage" time="5.135"/>
  <testcase classname="tests.CartTests" name="verifyProductDetailsInCart" time="7.164"/>
  <testcase classname="tests.CheckoutTests" name="cancelCheckout" time="3.076"/>
  <testcase classname="tests.CheckoutTests" name="checkoutWithMissingFirstName" time="4.233"/>
  <testcase classname="tests.CheckoutTests" name="checkoutWithMissingLastName" time="4.238"/>
  <testcase classname="tests.CheckoutTests" name="checkoutWithMissingPostalCode" time="4.207"/>
  <testcase classname="tests.CheckoutTests" name="checkoutWithValidDetails" time="3.23"/>
  <testcase classname="tests.CheckoutTests" name="finishButtonCompletesOrder" time="5.286"/>
  <testcase classname="tests.CheckoutTests" name="invalidZipCodeFormat" time="3.225"/>
  <testcase classname="tests.CheckoutTests" name="verifyBackToProductsButtonWorks" time="6.352"/>
  <testcase classname="tests.CheckoutTests" name="verifyCheckoutOverviewPage" time="5.227"/>
  <testcase classname="tests.CheckoutTests" name="verifySuccessMessageAfterOrder" time="5.425">
    <failure type="java.lang.AssertionError" message="expected [THANK YOU FOR YOUR ORDER] but found [Thank you for your order!]">
      <![CDATA[java.lang.AssertionError: expected [THANK YOU FOR YOUR ORDER] but found [Thank you for your order!]
at tests.CheckoutTests.verifySuccessMessageAfterOrder(CheckoutTests.java:132)
at java.base/java.util.ArrayList.forEach(ArrayList.java:1596)
... Removed 31 stack frames]]>
    </failure>
  </testcase> <!-- verifySuccessMessageAfterOrder -->
  <testcase classname="tests.MenuTests" name="verifyAboutLink" time="10.968"/>
  <testcase classname="tests.MenuTests" name="verifyAllMenuOptionsVisible" time="4.133"/>
  <testcase classname="tests.MenuTests" name="verifyResetAppState" time="16.26"/>
  <testcase classname="tests.MenuTests" name="verifyUserCanLogout" time="5.147"/>
  <testcase classname="tests.UITests" name="verifyBackButtonAfterLogout" time="11.424"/>
  <testcase classname="tests.UITests" name="verifyFooterLinks" time="5.286"/>
  <testcase classname="tests.UITests" name="verifyLoginPageUIElements" time="4.074"/>
  <testcase classname="tests.UITests" name="verifyPageTitleAndLogoConsistency" time="8.404"/>
</testsuite> <!-- All Modules -->
